<?xml version="1.0" ?>
<!DOCTYPE coverage
  SYSTEM 'http://cobertura.sourceforge.net/xml/coverage-04.dtd'>
<coverage branch-rate="0.0" branches-covered="0" branches-valid="0" complexity="0" line-rate="0.9259259259259259" lines-covered="25" lines-valid="27" timestamp="1611539722" version="2.0.3">
	<sources>
		<source>.</source>
	</sources>
	<packages>
		<package line-rate="0.9259259259259259" branch-rate="0.0" name="lib" complexity="0">
			<classes>
				<class branch-rate="0.0" complexity="0" filename="lib/main.dart" line-rate="0.9259259259259259" name="lib.main.dart">
					<methods/>
					<lines>
						<line branch="false" hits="0" number="3"/>
						<line branch="false" hits="0" number="4"/>
						<line branch="false" hits="1" number="9"/>
						<line branch="false" hits="1" number="11"/>
						<line branch="false" hits="1" number="13"/>
						<line branch="false" hits="1" number="27"/>
						<line branch="false" hits="1" number="29"/>
						<line branch="false" hits="2" number="35"/>
						<line branch="false" hits="1" number="48"/>
						<line branch="false" hits="1" number="49"/>
						<line branch="false" hits="1" number="55"/>
						<line branch="false" hits="2" number="56"/>
						<line branch="false" hits="2" number="62"/>
						<line branch="false" hits="1" number="66"/>
						<line branch="false" hits="1" number="74"/>
						<line branch="false" hits="1" number="75"/>
						<line branch="false" hits="3" number="78"/>
						<line branch="false" hits="1" number="80"/>
						<line branch="false" hits="1" number="83"/>
						<line branch="false" hits="1" number="99"/>
						<line branch="false" hits="1" number="100"/>
						<line branch="false" hits="1" number="103"/>
						<line branch="false" hits="2" number="104"/>
						<line branch="false" hits="3" number="105"/>
						<line branch="false" hits="1" number="110"/>
						<line branch="false" hits="1" number="111"/>
						<line branch="false" hits="1" number="113"/>
					</lines>
				</class>
			</classes>
		</package>
	</packages>
</coverage>
